--2020-01-20 08:53:54--  http://phpmorphy.sourceforge.net/
Распознаётся phpmorphy.sourceforge.net (phpmorphy.sourceforge.net)… 216.105.38.10
Подключение к phpmorphy.sourceforge.net (phpmorphy.sourceforge.net)|216.105.38.10|:80... соединение установлено.
HTTP-запрос отправлен. Ожидание ответа… 302 Found
Адрес: /dokuwiki [переход]
--2020-01-20 08:53:55--  http://phpmorphy.sourceforge.net/dokuwiki
Повторное использование соединения с phpmorphy.sourceforge.net:80.
HTTP-запрос отправлен. Ожидание ответа… 301 Moved Permanently
Адрес: http://phpmorphy.sourceforge.net/dokuwiki/ [переход]
--2020-01-20 08:53:55--  http://phpmorphy.sourceforge.net/dokuwiki/
Повторное использование соединения с phpmorphy.sourceforge.net:80.
HTTP-запрос отправлен. Ожидание ответа… 200 OK
Длина: нет данных [text/html]
Сохранение в: «phpmorphy.sourceforge.net/index.html»

     0K .......... .                                            159K=0,07s

2020-01-20 08:53:56 (159 KB/s) - «phpmorphy.sourceforge.net/index.html» сохранён [11282]

Загрузка robots.txt; не обращайте внимания на ошибки.
--2020-01-20 08:53:56--  http://phpmorphy.sourceforge.net/robots.txt
Повторное использование соединения с phpmorphy.sourceforge.net:80.
HTTP-запрос отправлен. Ожидание ответа… 404 Not Found
2020-01-20 08:53:56 ОШИБКА 404: Not Found.

--2020-01-20 08:53:56--  http://phpmorphy.sourceforge.net/dokuwiki/lib/exe/opensearch.php
Повторное использование соединения с phpmorphy.sourceforge.net:80.
HTTP-запрос отправлен. Ожидание ответа… 200 OK
Длина: 570 [application/opensearchdescription+xml]
Сохранение в: «phpmorphy.sourceforge.net/dokuwiki/lib/exe/opensearch.php»

     0K                                                       100% 42,3M=0s

2020-01-20 08:53:57 (42,3 MB/s) - «phpmorphy.sourceforge.net/dokuwiki/lib/exe/opensearch.php» сохранён [570/570]

--2020-01-20 08:53:57--  http://phpmorphy.sourceforge.net/dokuwiki/start?do=index
Повторное использование соединения с phpmorphy.sourceforge.net:80.
HTTP-запрос отправлен. Ожидание ответа… 200 OK
Длина: нет данных [text/html]
Сохранение в: «phpmorphy.sourceforge.net/dokuwiki/start?do=index»

     0K ........                                                606K=0,01s

2020-01-20 08:53:58 (606 KB/s) - «phpmorphy.sourceforge.net/dokuwiki/start?do=index» сохранён [8461]

--2020-01-20 08:53:58--  http://phpmorphy.sourceforge.net/dokuwiki/feed.php
Повторное использование соединения с phpmorphy.sourceforge.net:80.
HTTP-запрос отправлен. Ожидание ответа… 200 OK
Длина: 6627 (6,5K) [application/xml]
Сохранение в: «phpmorphy.sourceforge.net/dokuwiki/feed.php»

     0K ......                                                100% 3,53M=0,002s

2020-01-20 08:53:59 (3,53 MB/s) - «phpmorphy.sourceforge.net/dokuwiki/feed.php» сохранён [6627/6627]

--2020-01-20 08:53:59--  http://phpmorphy.sourceforge.net/dokuwiki/feed.php?mode=list&ns=
Повторное использование соединения с phpmorphy.sourceforge.net:80.
HTTP-запрос отправлен. Ожидание ответа… 200 OK
Длина: 6382 (6,2K) [application/xml]
Сохранение в: «phpmorphy.sourceforge.net/dokuwiki/feed.php?mode=list&ns=»

     0K ......                                                100% 2,16M=0,003s

2020-01-20 08:53:59 (2,16 MB/s) - «phpmorphy.sourceforge.net/dokuwiki/feed.php?mode=list&ns=» сохранён [6382/6382]

--2020-01-20 08:53:59--  http://phpmorphy.sourceforge.net/dokuwiki/_export/xhtml/start
Повторное использование соединения с phpmorphy.sourceforge.net:80.
HTTP-запрос отправлен. Ожидание ответа… 200 OK
Длина: 6465 (6,3K) [text/html]
Сохранение в: «phpmorphy.sourceforge.net/dokuwiki/_export/xhtml/start»

     0K ......                                                100% 13,7M=0s

2020-01-20 08:54:00 (13,7 MB/s) - «phpmorphy.sourceforge.net/dokuwiki/_export/xhtml/start» сохранён [6465/6465]

--2020-01-20 08:54:00--  http://phpmorphy.sourceforge.net/dokuwiki/lib/exe/css.php?s=all&t=phpmorphy
Повторное использование соединения с phpmorphy.sourceforge.net:80.
HTTP-запрос отправлен. Ожидание ответа… 200 OK
Длина: 5449 (5,3K) [text/css]
Сохранение в: «phpmorphy.sourceforge.net/dokuwiki/lib/exe/css.php?s=all&t=phpmorphy»

     0K .....                                                 100% 2,05M=0,003s

2020-01-20 08:54:01 (2,05 MB/s) - «phpmorphy.sourceforge.net/dokuwiki/lib/exe/css.php?s=all&t=phpmorphy» сохранён [5449/5449]

--2020-01-20 08:54:01--  http://phpmorphy.sourceforge.net/dokuwiki/lib/exe/css.php?t=phpmorphy
Повторное использование соединения с phpmorphy.sourceforge.net:80.
HTTP-запрос отправлен. Ожидание ответа… 200 OK
Длина: нет данных [text/css]
Сохранение в: «phpmorphy.sourceforge.net/dokuwiki/lib/exe/css.php?t=phpmorphy»

     0K .......... .......... .....                            1,79M=0,01s

2020-01-20 08:54:02 (1,79 MB/s) - «phpmorphy.sourceforge.net/dokuwiki/lib/exe/css.php?t=phpmorphy» сохранён [25827]

--2020-01-20 08:54:02--  http://phpmorphy.sourceforge.net/dokuwiki/lib/exe/css.php?s=print&t=phpmorphy
Повторное использование соединения с phpmorphy.sourceforge.net:80.
HTTP-запрос отправлен. Ожидание ответа… 200 OK
Длина: 6011 (5,9K) [text/css]
Сохранение в: «phpmorphy.sourceforge.net/dokuwiki/lib/exe/css.php?s=print&t=phpmorphy»

     0K .....                                                 100% 1,16M=0,005s

2020-01-20 08:54:02 (1,16 MB/s) - «phpmorphy.sourceforge.net/dokuwiki/lib/exe/css.php?s=print&t=phpmorphy» сохранён [6011/6011]

--2020-01-20 08:54:02--  http://phpmorphy.sourceforge.net/dokuwiki/lib/exe/js.php?edit=0&write=0
Повторное использование соединения с phpmorphy.sourceforge.net:80.
HTTP-запрос отправлен. Ожидание ответа… 200 OK
Длина: нет данных [text/javascript]
Сохранение в: «phpmorphy.sourceforge.net/dokuwiki/lib/exe/js.php?edit=0&write=0»

     0K .......... .......... .......... .......... .......... 1,84M
    50K .......... .......... .......                           107K=0,3s

2020-01-20 08:54:04 (272 KB/s) - «phpmorphy.sourceforge.net/dokuwiki/lib/exe/js.php?edit=0&write=0» сохранён [79579]

--2020-01-20 08:54:04--  http://phpmorphy.sourceforge.net/dokuwiki/lib/plugins/tableedit/tableedit.js
Повторное использование соединения с phpmorphy.sourceforge.net:80.
HTTP-запрос отправлен. Ожидание ответа… Ошибка чтения (Соединение разорвано другой стороной) в заголовках.
Продолжение попыток.

--2020-01-20 08:54:05--  (попытка: 2)  http://phpmorphy.sourceforge.net/dokuwiki/lib/plugins/tableedit/tableedit.js
Подключение к phpmorphy.sourceforge.net (phpmorphy.sourceforge.net)|216.105.38.10|:80... соединение установлено.
HTTP-запрос отправлен. Ожидание ответа… Ошибка чтения (Соединение разорвано другой стороной) в заголовках.
Продолжение попыток.

--2020-01-20 08:54:07--  (попытка: 3)  http://phpmorphy.sourceforge.net/dokuwiki/lib/plugins/tableedit/tableedit.js
Подключение к phpmorphy.sourceforge.net (phpmorphy.sourceforge.net)|216.105.38.10|:80... соединение установлено.
HTTP-запрос отправлен. Ожидание ответа… Ошибка чтения (Соединение разорвано другой стороной) в заголовках.
Продолжение попыток.

--2020-01-20 08:54:11--  (попытка: 4)  http://phpmorphy.sourceforge.net/dokuwiki/lib/plugins/tableedit/tableedit.js
Подключение к phpmorphy.sourceforge.net (phpmorphy.sourceforge.net)|216.105.38.10|:80... соединение установлено.
HTTP-запрос отправлен. Ожидание ответа… Ошибка чтения (Соединение разорвано другой стороной) в заголовках.
Продолжение попыток.

--2020-01-20 08:54:15--  (попытка: 5)  http://phpmorphy.sourceforge.net/dokuwiki/lib/plugins/tableedit/tableedit.js
Подключение к phpmorphy.sourceforge.net (phpmorphy.sourceforge.net)|216.105.38.10|:80... соединение установлено.
HTTP-запрос отправлен. Ожидание ответа… Ошибка чтения (Соединение разорвано другой стороной) в заголовках.
Продолжение попыток.

--2020-01-20 08:54:20--  (попытка: 6)  http://phpmorphy.sourceforge.net/dokuwiki/lib/plugins/tableedit/tableedit.js
Подключение к phpmorphy.sourceforge.net (phpmorphy.sourceforge.net)|216.105.38.10|:80... соединение установлено.
HTTP-запрос отправлен. Ожидание ответа… Ошибка чтения (Соединение разорвано другой стороной) в заголовках.
Продолжение попыток.

--2020-01-20 08:54:26--  (попытка: 7)  http://phpmorphy.sourceforge.net/dokuwiki/lib/plugins/tableedit/tableedit.js
Подключение к phpmorphy.sourceforge.net (phpmorphy.sourceforge.net)|216.105.38.10|:80... соединение установлено.
HTTP-запрос отправлен. Ожидание ответа… Ошибка чтения (Соединение разорвано другой стороной) в заголовках.
Продолжение попыток.

--2020-01-20 08:54:34--  (попытка: 8)  http://phpmorphy.sourceforge.net/dokuwiki/lib/plugins/tableedit/tableedit.js
Подключение к phpmorphy.sourceforge.net (phpmorphy.sourceforge.net)|216.105.38.10|:80... соединение установлено.
HTTP-запрос отправлен. Ожидание ответа… Ошибка чтения (Соединение разорвано другой стороной) в заголовках.
Продол